[debug] [2022-10-02T23:53:19.186Z] ----------------------------------------------------------------------
[debug] [2022-10-02T23:53:19.187Z] Command:       C:\Program Files\nodejs\node.exe C:\Users\PhocusedPhil\AppData\Roaming\npm\node_modules\firebase-tools\lib\bin\firebase.js init
[debug] [2022-10-02T23:53:19.188Z] CLI Version:   11.13.0
[debug] [2022-10-02T23:53:19.188Z] Platform:      win32
[debug] [2022-10-02T23:53:19.188Z] Node Version:  v16.13.2
[debug] [2022-10-02T23:53:19.189Z] Time:          Sun Oct 02 2022 16:53:19 GMT-0700 (Pacific Daylight Time)
[debug] [2022-10-02T23:53:19.189Z] ----------------------------------------------------------------------
[debug] 
[debug] [2022-10-02T23:53:19.197Z] > command requires scopes: ["email","openid","https://www.googleapis.com/auth/cloudplatformprojects.readonly","https://www.googleapis.com/auth/firebase","https://www.googleapis.com/auth/cloud-platform"]
[debug] [2022-10-02T23:53:19.197Z] > authorizing via signed-in user (dev.phits@gmail.com)
[info] 
     ######## #### ########  ######## ########     ###     ######  ########
     ##        ##  ##     ## ##       ##     ##  ##   ##  ##       ##
     ######    ##  ########  ######   ########  #########  ######  ######
     ##        ##  ##    ##  ##       ##     ## ##     ##       ## ##
     ##       #### ##     ## ######## ########  ##     ##  ######  ########

You're about to initialize a Firebase project in this directory:

  C:\Users\PhocusedPhil\Desktop\PB\Coding\Projects\coach-marketplace-app\coaching-services-app\coaching-services-app

[info] 
=== Project Setup
[info] 
[info] First, let's associate this project directory with a Firebase project.
[info] You can create multiple project aliases by running firebase use --add, 
[info] but for now we'll just set up a default project.
[info] 
[info] 
=== Database Setup
[info] 
[info] Firebase Realtime Database Security Rules allow you to define how your data should be
[info] structured and when your data can be read from and written to.
[info] 
